<?xml version="1.0" encoding="UTF-8"?>
<!-- Generated by org.testng.reporters.JUnitReportReporter -->
<testsuite hostname="DW-A10515" failures="0" tests="3" name="com.asignacitas.testng.AutoPublicarAgendas" time="2.228" errors="1" timestamp="2021-11-22T14:51:37 COT" skipped="2">
  <testcase classname="com.asignacitas.testng.AutoPublicarAgendas" name="beforeClass" time="2.228">
    <error message="session not created: This version of ChromeDriver only supports Chrome version 96
Current browser version is 94.0.4606.61 with binary path C:\Program Files\Google\Chrome\Application\chrome.exe
Build info: version: &#039;3.141.59&#039;, revision: &#039;e82be7d358&#039;, time: &#039;2018-11-14T08:17:03&#039;
System info: host: &#039;DW-A10515&#039;, ip: &#039;192.168.1.3&#039;, os.name: &#039;Windows 10&#039;, os.arch: &#039;amd64&#039;, os.version: &#039;10.0&#039;, java.version: &#039;16.0.2&#039;
Driver info: driver.version: ChromeDriver
remote stacktrace: Backtrace:
	Ordinal0 [0x00686903+2517251]
	Ordinal0 [0x0061F8E1+2095329]
	Ordinal0 [0x00522848+1058888]
	Ordinal0 [0x00540B9D+1182621]
	Ordinal0 [0x0053CA60+1165920]
	Ordinal0 [0x0053A2CF+1155791]
	Ordinal0 [0x0056AAAF+1354415]
	Ordinal0 [0x0056A71A+1353498]
	Ordinal0 [0x0056639B+1336219]
	Ordinal0 [0x005427A7+1189799]
	Ordinal0 [0x00543609+1193481]
	GetHandleVerifier [0x00815904+1577972]
	GetHandleVerifier [0x008C0B97+2279047]
	GetHandleVerifier [0x00716D09+534521]
	GetHandleVerifier [0x00715DB9+530601]
	Ordinal0 [0x00624FF9+2117625]
	Ordinal0 [0x006298A8+2136232]
	Ordinal0 [0x006299E2+2136546]
	Ordinal0 [0x00633541+2176321]
	BaseThreadInitThunk [0x766AFA29+25]
	RtlGetAppContainerNamedObjectPath [0x776E7C7E+286]
	RtlGetAppContainerNamedObjectPath [0x776E7C4E+238]
" type="org.openqa.selenium.SessionNotCreatedException">
      <![CDATA[org.openqa.selenium.SessionNotCreatedException: session not created: This version of ChromeDriver only supports Chrome version 96
Current browser version is 94.0.4606.61 with binary path C:\Program Files\Google\Chrome\Application\chrome.exe
Build info: version: '3.141.59', revision: 'e82be7d358', time: '2018-11-14T08:17:03'
System info: host: 'DW-A10515', ip: '192.168.1.3', os.name: 'Windows 10', os.arch: 'amd64', os.version: '10.0', java.version: '16.0.2'
Driver info: driver.version: ChromeDriver
remote stacktrace: Backtrace:
Ordinal0 [0x00686903+2517251]
Ordinal0 [0x0061F8E1+2095329]
Ordinal0 [0x00522848+1058888]
Ordinal0 [0x00540B9D+1182621]
Ordinal0 [0x0053CA60+1165920]
Ordinal0 [0x0053A2CF+1155791]
Ordinal0 [0x0056AAAF+1354415]
Ordinal0 [0x0056A71A+1353498]
Ordinal0 [0x0056639B+1336219]
Ordinal0 [0x005427A7+1189799]
Ordinal0 [0x00543609+1193481]
GetHandleVerifier [0x00815904+1577972]
GetHandleVerifier [0x008C0B97+2279047]
GetHandleVerifier [0x00716D09+534521]
GetHandleVerifier [0x00715DB9+530601]
Ordinal0 [0x00624FF9+2117625]
Ordinal0 [0x006298A8+2136232]
Ordinal0 [0x006299E2+2136546]
Ordinal0 [0x00633541+2176321]
BaseThreadInitThunk [0x766AFA29+25]
RtlGetAppContainerNamedObjectPath [0x776E7C7E+286]
RtlGetAppContainerNamedObjectPath [0x776E7C4E+238]

at java.base/jdk.internal.reflect.NativeConstructorAccessorImpl.newInstance0(Native Method)
at java.base/jdk.internal.reflect.NativeConstructorAccessorImpl.newInstance(NativeConstructorAccessorImpl.java:78)
at java.base/jdk.internal.reflect.DelegatingConstructorAccessorImpl.newInstance(DelegatingConstructorAccessorImpl.java:45)
at java.base/java.lang.reflect.Constructor.newInstanceWithCaller(Constructor.java:499)
at java.base/java.lang.reflect.Constructor.newInstance(Constructor.java:480)
at org.openqa.selenium.remote.W3CHandshakeResponse.lambda$errorHandler$0(W3CHandshakeResponse.java:62)
at org.openqa.selenium.remote.HandshakeResponse.lambda$getResponseFunction$0(HandshakeResponse.java:30)
at org.openqa.selenium.remote.ProtocolHandshake.lambda$createSession$0(ProtocolHandshake.java:126)
at java.base/java.util.stream.ReferencePipeline$3$1.accept(ReferencePipeline.java:197)
at java.base/java.util.Spliterators$ArraySpliterator.tryAdvance(Spliterators.java:958)
at java.base/java.util.stream.ReferencePipeline.forEachWithCancel(ReferencePipeline.java:129)
at java.base/java.util.stream.AbstractPipeline.copyIntoWithCancel(AbstractPipeline.java:502)
at java.base/java.util.stream.AbstractPipeline.copyInto(AbstractPipeline.java:488)
at java.base/java.util.stream.AbstractPipeline.wrapAndCopyInto(AbstractPipeline.java:474)
at java.base/java.util.stream.FindOps$FindOp.evaluateSequential(FindOps.java:150)
at java.base/java.util.stream.AbstractPipeline.evaluate(AbstractPipeline.java:234)
at java.base/java.util.stream.ReferencePipeline.findFirst(ReferencePipeline.java:647)
at org.openqa.selenium.remote.ProtocolHandshake.createSession(ProtocolHandshake.java:128)
at org.openqa.selenium.remote.ProtocolHandshake.createSession(ProtocolHandshake.java:74)
at org.openqa.selenium.remote.HttpCommandExecutor.execute(HttpCommandExecutor.java:136)
at org.openqa.selenium.remote.service.DriverCommandExecutor.execute(DriverCommandExecutor.java:83)
at org.openqa.selenium.remote.RemoteWebDriver.execute(RemoteWebDriver.java:552)
at org.openqa.selenium.remote.RemoteWebDriver.startSession(RemoteWebDriver.java:213)
at org.openqa.selenium.remote.RemoteWebDriver.<init>(RemoteWebDriver.java:131)
at org.openqa.selenium.chrome.ChromeDriver.<init>(ChromeDriver.java:181)
at org.openqa.selenium.chrome.ChromeDriver.<init>(ChromeDriver.java:168)
at org.openqa.selenium.chrome.ChromeDriver.<init>(ChromeDriver.java:123)
at com.asignacitas.testng.AutoPublicarAgendas.beforeClass(AutoPublicarAgendas.java:56)
at java.base/jdk.internal.reflect.NativeMethodAccessorImpl.invoke0(Native Method)
at java.base/jdk.internal.reflect.NativeMethodAccessorImpl.invoke(NativeMethodAccessorImpl.java:78)
at java.base/jdk.internal.reflect.DelegatingMethodAccessorImpl.invoke(DelegatingMethodAccessorImpl.java:43)
at java.base/java.lang.reflect.Method.invoke(Method.java:567)
at org.testng.internal.MethodInvocationHelper.invokeMethod(MethodInvocationHelper.java:133)
at org.testng.internal.MethodInvocationHelper.invokeMethodConsideringTimeout(MethodInvocationHelper.java:62)
at org.testng.internal.ConfigInvoker.invokeConfigurationMethod(ConfigInvoker.java:385)
at org.testng.internal.ConfigInvoker.invokeConfigurations(ConfigInvoker.java:321)
at org.testng.internal.TestMethodWorker.invokeBeforeClassMethods(TestMethodWorker.java:176)
at org.testng.internal.TestMethodWorker.run(TestMethodWorker.java:122)
at java.base/java.util.ArrayList.forEach(ArrayList.java:1511)
at org.testng.TestRunner.privateRun(TestRunner.java:794)
at org.testng.TestRunner.run(TestRunner.java:596)
at org.testng.SuiteRunner.runTest(SuiteRunner.java:377)
at org.testng.SuiteRunner.runSequentially(SuiteRunner.java:371)
at org.testng.SuiteRunner.privateRun(SuiteRunner.java:332)
at org.testng.SuiteRunner.run(SuiteRunner.java:276)
at org.testng.SuiteRunnerWorker.runSuite(SuiteRunnerWorker.java:53)
at org.testng.SuiteRunnerWorker.run(SuiteRunnerWorker.java:96)
at org.testng.TestNG.runSuitesSequentially(TestNG.java:1212)
at org.testng.TestNG.runSuitesLocally(TestNG.java:1134)
at org.testng.TestNG.runSuites(TestNG.java:1063)
at org.testng.TestNG.run(TestNG.java:1031)
at org.testng.remote.AbstractRemoteTestNG.run(AbstractRemoteTestNG.java:115)
at org.testng.remote.RemoteTestNG.initAndRun(RemoteTestNG.java:251)
at org.testng.remote.RemoteTestNG.main(RemoteTestNG.java:77)
]]>
    </error>
  </testcase> <!-- beforeClass -->
  <system-out/>
  <testcase classname="com.asignacitas.testng.AutoPublicarAgendas" name="Login" time="0.000">
    <skipped/>
  </testcase> <!-- Login -->
  <system-out/>
  <testcase classname="com.asignacitas.testng.AutoPublicarAgendas" name="IngresoModuloPublicar" time="0.000">
    <skipped/>
  </testcase> <!-- IngresoModuloPublicar -->
  <system-out/>
</testsuite> <!-- com.asignacitas.testng.AutoPublicarAgendas -->
